android/app/build/intermediates/manifest_merge_blame_file/release/manifest-merger-blame-release-report.txt
1<?xml version="1.0" encoding="utf-8"?>
2<manifest xmlns:android="http://schemas.android.com/apk/res/android"
3    package="apps.mcsmart"
4    android:versionCode="4"
5    android:versionName="1.0.1" >
6
7    <uses-sdk
8        android:minSdkVersion="21"
8-->src/main/AndroidManifest.xml
9        android:targetSdkVersion="33" />
9-->src/main/AndroidManifest.xml
10
11    <uses-permission android:name="android.permission.INTERNET" />
11-->src/main/AndroidManifest.xml:3:5-67
11-->src/main/AndroidManifest.xml:3:22-64
12    <uses-permission android:name="com.android.vending.BILLING" />
12-->src/main/AndroidManifest.xml:4:5-67
12-->src/main/AndroidManifest.xml:4:22-64
13    <uses-permission android:name="android.permission.WAKE_LOCK" />
13-->[:react-native-firebase_messaging] AndroidManifest.xml:10:5-68
13-->[:react-native-firebase_messaging] AndroidManifest.xml:10:22-65
14    <uses-permission android:name="android.permission.ACCESS_NETWORK_STATE" />
14-->[:react-native-firebase_messaging] AndroidManifest.xml:11:5-79
14-->[:react-native-firebase_messaging] AndroidManifest.xml:11:22-76
15    <uses-permission android:name="android.permission.ACCESS_WIFI_STATE" />
15-->[:react-native-adjust] AndroidManifest.xml:10:5-76
15-->[:react-native-adjust] AndroidManifest.xml:10:22-73
16    <uses-permission android:name="android.permission.WRITE_EXTERNAL_STORAGE" />
16-->[:react-native-fs] AndroidManifest.xml:9:5-81
16-->[:react-native-fs] AndroidManifest.xml:9:22-78
17
18    <queries>
18-->[:react-native-inappbrowser-reborn] AndroidManifest.xml:11:5-15:15
19        <intent>
19-->[:react-native-inappbrowser-reborn] AndroidManifest.xml:12:9-14:18
20            <action android:name="android.support.customtabs.action.CustomTabsService" />
20-->[:react-native-inappbrowser-reborn] AndroidManifest.xml:13:13-90
20-->[:react-native-inappbrowser-reborn] AndroidManifest.xml:13:21-87
21        </intent>
22    </queries>
23
24    <uses-feature
24-->[io.purchasely:core:3.7.0] AndroidManifest.xml:9:5-11:36
25        android:name="android.software.leanback"
25-->[io.purchasely:core:3.7.0] AndroidManifest.xml:10:9-49
26        android:required="false" />
26-->[io.purchasely:core:3.7.0] AndroidManifest.xml:11:9-33
27    <uses-feature
27-->[io.purchasely:core:3.7.0] AndroidManifest.xml:12:5-14:36
28        android:name="android.hardware.touchscreen"
28-->[io.purchasely:core:3.7.0] AndroidManifest.xml:13:9-52
29        android:required="false" /> <!-- Required by older versions of Google Play services to create IID tokens -->
29-->[io.purchasely:core:3.7.0] AndroidManifest.xml:14:9-33
30    <uses-permission android:name="com.google.android.c2dm.permission.RECEIVE" />
30-->[com.google.android.gms:play-services-iid:17.0.0] AndroidManifest.xml:23:5-82
30-->[com.google.android.gms:play-services-iid:17.0.0] AndroidManifest.xml:23:22-79
31    <uses-permission android:name="android.permission.POST_NOTIFICATIONS" />
31-->[com.google.firebase:firebase-messaging:23.1.2] AndroidManifest.xml:25:5-77
31-->[com.google.firebase:firebase-messaging:23.1.2] AndroidManifest.xml:25:22-74
32    <uses-permission android:name="android.permission.RECEIVE_BOOT_COMPLETED" />
32-->[androidx.work:work-runtime:2.8.0] AndroidManifest.xml:25:5-81
32-->[androidx.work:work-runtime:2.8.0] AndroidManifest.xml:25:22-78
33    <uses-permission android:name="android.permission.FOREGROUND_SERVICE" />
33-->[androidx.work:work-runtime:2.8.0] AndroidManifest.xml:26:5-77
33-->[androidx.work:work-runtime:2.8.0] AndroidManifest.xml:26:22-74
34    <uses-permission android:name="android.permission.VIBRATE" />
34-->[app.notifee:core:202108261754] AndroidManifest.xml:13:5-66
34-->[app.notifee:core:202108261754] AndroidManifest.xml:13:22-63
35    <uses-permission android:name="android.permission.USE_FULL_SCREEN_INTENT" />
35-->[app.notifee:core:202108261754] AndroidManifest.xml:16:5-81
35-->[app.notifee:core:202108261754] AndroidManifest.xml:16:22-78
36    <uses-permission android:name="android.permission.SCHEDULE_EXACT_ALARM" />
36-->[app.notifee:core:202108261754] AndroidManifest.xml:17:5-79
36-->[app.notifee:core:202108261754] AndroidManifest.xml:17:22-76
37    <uses-permission
37-->[app.notifee:core:202108261754] AndroidManifest.xml:18:5-20:38
38        android:name="android.permission.BROADCAST_CLOSE_SYSTEM_DIALOGS"
38-->[app.notifee:core:202108261754] AndroidManifest.xml:19:9-73
39        android:maxSdkVersion="30" /> <!-- For Xiaomi devices to enable heads-up notifications as default (https://github.com/invertase/notifee/issues/296) -->
39-->[app.notifee:core:202108261754] AndroidManifest.xml:20:9-35
40    <uses-permission
40-->[app.notifee:core:202108261754] AndroidManifest.xml:22:5-24:38
41        android:name="android.permission.ACCESS_NOTIFICATION_POLICY"
41-->[app.notifee:core:202108261754] AndroidManifest.xml:23:9-69
42        android:minSdkVersion="23" />
42-->[app.notifee:core:202108261754] AndroidManifest.xml:24:9-35
43    <uses-permission android:name="com.google.android.finsky.permission.BIND_GET_INSTALL_REFERRER_SERVICE" />
43-->[com.android.installreferrer:installreferrer:1.1.2] AndroidManifest.xml:9:5-110
43-->[com.android.installreferrer:installreferrer:1.1.2] AndroidManifest.xml:9:22-107
44
45    <application
45-->src/main/AndroidManifest.xml:6:5-25:19
46        android:name="apps.mcsmart.MainApplication"
46-->src/main/AndroidManifest.xml:7:7-38
47        android:allowBackup="false"
47-->src/main/AndroidManifest.xml:11:7-34
48        android:appComponentFactory="androidx.core.app.CoreComponentFactory"
48-->[androidx.core:core:1.8.0] AndroidManifest.xml:24:18-86
49        android:icon="@mipmap/ic_launcher"
49-->src/main/AndroidManifest.xml:9:7-41
50        android:label="@string/app_name"
50-->src/main/AndroidManifest.xml:8:7-39
51        android:roundIcon="@mipmap/ic_launcher_round"
51-->src/main/AndroidManifest.xml:10:7-52
52        android:theme="@style/AppTheme" >
52-->src/main/AndroidManifest.xml:12:7-38
53        <activity
53-->src/main/AndroidManifest.xml:13:7-24:18
54            android:name="apps.mcsmart.MainActivity"
54-->src/main/AndroidManifest.xml:14:9-37
55            android:configChanges="keyboard|keyboardHidden|orientation|screenLayout|screenSize|smallestScreenSize|uiMode"
55-->src/main/AndroidManifest.xml:16:9-118
56            android:exported="true"
56-->src/main/AndroidManifest.xml:19:9-32
57            android:label="@string/app_name"
57-->src/main/AndroidManifest.xml:15:9-41
58            android:launchMode="singleTask"
58-->src/main/AndroidManifest.xml:17:9-40
59            android:windowSoftInputMode="adjustResize" >
59-->src/main/AndroidManifest.xml:18:9-51
60            <intent-filter>
60-->src/main/AndroidManifest.xml:20:9-23:25
61                <action android:name="android.intent.action.MAIN" />
61-->src/main/AndroidManifest.xml:21:13-65
61-->src/main/AndroidManifest.xml:21:21-62
62
63                <category android:name="android.intent.category.LAUNCHER" />
63-->src/main/AndroidManifest.xml:22:13-73
63-->src/main/AndroidManifest.xml:22:23-70
64            </intent-filter>
65        </activity>
66
67        <provider
67-->[:notifee_react-native] AndroidManifest.xml:10:9-14:40
68            android:name="io.invertase.notifee.NotifeeInitProvider"
68-->[:notifee_react-native] AndroidManifest.xml:11:13-68
69            android:authorities="apps.mcsmart.notifee-init-provider"
69-->[:notifee_react-native] AndroidManifest.xml:12:13-73
70            android:exported="false"
70-->[:notifee_react-native] AndroidManifest.xml:13:13-37
71            android:initOrder="-100" />
71-->[:notifee_react-native] AndroidManifest.xml:14:13-37
72
73        <service
73-->[:react-native-firebase_messaging] AndroidManifest.xml:14:9-16:40
74            android:name="io.invertase.firebase.messaging.ReactNativeFirebaseMessagingHeadlessService"
74-->[:react-native-firebase_messaging] AndroidManifest.xml:15:13-103
75            android:exported="false" />
75-->[:react-native-firebase_messaging] AndroidManifest.xml:16:13-37
76        <service
76-->[:react-native-firebase_messaging] AndroidManifest.xml:17:9-23:19
77            android:name="io.invertase.firebase.messaging.ReactNativeFirebaseMessagingService"
77-->[:react-native-firebase_messaging] AndroidManifest.xml:18:13-95
78            android:exported="false" >
78-->[:react-native-firebase_messaging] AndroidManifest.xml:19:13-37
79            <intent-filter>
79-->[:react-native-firebase_messaging] AndroidManifest.xml:20:13-22:29
80                <action android:name="com.google.firebase.MESSAGING_EVENT" />
80-->[:react-native-firebase_messaging] AndroidManifest.xml:21:17-78
80-->[:react-native-firebase_messaging] AndroidManifest.xml:21:25-75
81            </intent-filter>
82        </service>
83
84        <receiver
84-->[:react-native-firebase_messaging] AndroidManifest.xml:25:9-32:20
85            android:name="io.invertase.firebase.messaging.ReactNativeFirebaseMessagingReceiver"
85-->[:react-native-firebase_messaging] AndroidManifest.xml:26:13-96
86            android:exported="true"
86-->[:react-native-firebase_messaging] AndroidManifest.xml:27:13-36
87            android:permission="com.google.android.c2dm.permission.SEND" >
87-->[:react-native-firebase_messaging] AndroidManifest.xml:28:13-73
88            <intent-filter>
88-->[:react-native-firebase_messaging] AndroidManifest.xml:29:13-31:29
89                <action android:name="com.google.android.c2dm.intent.RECEIVE" />
89-->[:react-native-firebase_messaging] AndroidManifest.xml:30:17-81
89-->[:react-native-firebase_messaging] AndroidManifest.xml:30:25-78
90            </intent-filter>
91        </receiver>
92
93        <meta-data
93-->[:react-native-firebase_messaging] AndroidManifest.xml:34:9-36:36
94            android:name="firebase_messaging_auto_init_enabled"
94-->[:react-native-firebase_messaging] AndroidManifest.xml:35:13-64
95            android:value="true" />
95-->[:react-native-firebase_messaging] AndroidManifest.xml:36:13-33
96        <meta-data
96-->[:react-native-firebase_messaging] AndroidManifest.xml:37:9-39:32
97            android:name="com.google.firebase.messaging.default_notification_channel_id"
97-->[:react-native-firebase_messaging] AndroidManifest.xml:38:13-89
98            android:value="" />
98-->[:react-native-firebase_messaging] AndroidManifest.xml:39:13-29
99        <meta-data
99-->[:react-native-firebase_messaging] AndroidManifest.xml:40:9-42:47
100            android:name="com.google.firebase.messaging.default_notification_color"
100-->[:react-native-firebase_messaging] AndroidManifest.xml:41:13-84
101            android:resource="@color/white" />
101-->[:react-native-firebase_messaging] AndroidManifest.xml:42:13-44
102        <meta-data
102-->[:react-native-firebase_app] AndroidManifest.xml:11:9-13:36
103            android:name="app_data_collection_default_enabled"
103-->[:react-native-firebase_app] AndroidManifest.xml:12:13-63
104            android:value="true" />
104-->[:react-native-firebase_app] AndroidManifest.xml:13:13-33
105
106        <service
106-->[:react-native-firebase_app] AndroidManifest.xml:15:9-23:19
107            android:name="com.google.firebase.components.ComponentDiscoveryService"
107-->[:react-native-firebase_app] AndroidManifest.xml:16:13-84
108            android:directBootAware="true"
108-->[:react-native-firebase_app] AndroidManifest.xml:17:13-43
109            android:exported="false" >
109-->[:react-native-firebase_app] AndroidManifest.xml:18:13-37
110            <meta-data
110-->[:react-native-firebase_app] AndroidManifest.xml:20:13-22:85
111                android:name="com.google.firebase.components:io.invertase.firebase.app.ReactNativeFirebaseAppRegistrar"
111-->[:react-native-firebase_app] AndroidManifest.xml:21:17-120
112                android:value="com.google.firebase.components.ComponentRegistrar" />
112-->[:react-native-firebase_app] AndroidManifest.xml:22:17-82
113            <meta-data
113-->[com.google.firebase:firebase-messaging:23.1.2] AndroidManifest.xml:55:13-57:85
114                android:name="com.google.firebase.components:com.google.firebase.messaging.FirebaseMessagingRegistrar"
114-->[com.google.firebase:firebase-messaging:23.1.2] AndroidManifest.xml:56:17-119
115                android:value="com.google.firebase.components.ComponentRegistrar" />
115-->[com.google.firebase:firebase-messaging:23.1.2] AndroidManifest.xml:57:17-82
116            <meta-data
116-->[com.google.firebase:firebase-datatransport:18.1.7] AndroidManifest.xml:27:13-29:85
117                android:name="com.google.firebase.components:com.google.firebase.datatransport.TransportRegistrar"
117-->[com.google.firebase:firebase-datatransport:18.1.7] AndroidManifest.xml:28:17-115
118                android:value="com.google.firebase.components.ComponentRegistrar" />
118-->[com.google.firebase:firebase-datatransport:18.1.7] AndroidManifest.xml:29:17-82
119            <meta-data
119-->[com.google.firebase:firebase-installations:17.1.3] AndroidManifest.xml:17:13-19:85
120                android:name="com.google.firebase.components:com.google.firebase.installations.FirebaseInstallationsRegistrar"
120-->[com.google.firebase:firebase-installations:17.1.3] AndroidManifest.xml:18:17-127
121                android:value="com.google.firebase.components.ComponentRegistrar" />
121-->[com.google.firebase:firebase-installations:17.1.3] AndroidManifest.xml:19:17-82
122        </service>
123
124        <provider
124-->[:react-native-firebase_app] AndroidManifest.xml:25:9-29:38
125            android:name="io.invertase.firebase.app.ReactNativeFirebaseAppInitProvider"
125-->[:react-native-firebase_app] AndroidManifest.xml:26:13-88
126            android:authorities="apps.mcsmart.reactnativefirebaseappinitprovider"
126-->[:react-native-firebase_app] AndroidManifest.xml:27:13-86
127            android:exported="false"
127-->[:react-native-firebase_app] AndroidManifest.xml:28:13-37
128            android:initOrder="99" />
128-->[:react-native-firebase_app] AndroidManifest.xml:29:13-35
129
130        <receiver
130-->[:react-native-adjust] AndroidManifest.xml:14:9-21:20
131            android:name="com.adjust.sdk.AdjustReferrerReceiver"
131-->[:react-native-adjust] AndroidManifest.xml:15:13-65
132            android:exported="true"
132-->[:react-native-adjust] AndroidManifest.xml:16:13-36
133            android:permission="android.permission.INSTALL_PACKAGES" >
133-->[:react-native-adjust] AndroidManifest.xml:17:13-69
134            <intent-filter>
134-->[:react-native-adjust] AndroidManifest.xml:18:13-20:29
135                <action android:name="com.android.vending.INSTALL_REFERRER" />
135-->[:react-native-adjust] AndroidManifest.xml:19:17-79
135-->[:react-native-adjust] AndroidManifest.xml:19:25-76
136            </intent-filter>
137        </receiver>
138
139        <activity
139-->[:react-native-inappbrowser-reborn] AndroidManifest.xml:18:9-21:20
140            android:name="com.proyecto26.inappbrowser.ChromeTabsManagerActivity"
140-->[:react-native-inappbrowser-reborn] AndroidManifest.xml:19:13-81
141            android:exported="false" >
141-->[:react-native-inappbrowser-reborn] AndroidManifest.xml:20:13-37
142        </activity>
143        <activity
143-->[:react-native-purchasely] AndroidManifest.xml:10:9-13:55
144            android:name="com.reactnativepurchasely.PLYProductActivity"
144-->[:react-native-purchasely] AndroidManifest.xml:11:13-72
145            android:autoRemoveFromRecents="true"
145-->[:react-native-purchasely] AndroidManifest.xml:12:13-49
146            android:theme="@style/Theme.Purchasely" />
146-->[:react-native-purchasely] AndroidManifest.xml:13:13-52
147        <activity
147-->[:react-native-purchasely] AndroidManifest.xml:14:9-16:55
148            android:name="com.reactnativepurchasely.PLYSubscriptionsActivity"
148-->[:react-native-purchasely] AndroidManifest.xml:15:13-78
149            android:theme="@style/Theme.Purchasely" />
149-->[:react-native-purchasely] AndroidManifest.xml:16:13-52
150
151        <provider
151-->[:react-native-share] AndroidManifest.xml:10:9-18:20
152            android:name="cl.json.RNShareFileProvider"
152-->[:react-native-share] AndroidManifest.xml:11:13-55
153            android:authorities="apps.mcsmart.rnshare.fileprovider"
153-->[:react-native-share] AndroidManifest.xml:12:13-72
154            android:exported="false"
154-->[:react-native-share] AndroidManifest.xml:13:13-37
155            android:grantUriPermissions="true" >
155-->[:react-native-share] AndroidManifest.xml:14:13-47
156            <meta-data
156-->[:react-native-share] AndroidManifest.xml:15:13-17:64
157                android:name="android.support.FILE_PROVIDER_PATHS"
157-->[:react-native-share] AndroidManifest.xml:16:17-67
158                android:resource="@xml/share_download_paths" />
158-->[:react-native-share] AndroidManifest.xml:17:17-61
159        </provider>
160
161        <activity
161-->[io.purchasely:core:3.7.0] AndroidManifest.xml:19:9-21:72
162            android:name="io.purchasely.views.PLYWebViewActivity"
162-->[io.purchasely:core:3.7.0] AndroidManifest.xml:20:13-66
163            android:theme="@style/Theme.AppCompat.Light.NoActionBar" />
163-->[io.purchasely:core:3.7.0] AndroidManifest.xml:21:13-69
164        <activity android:name="io.purchasely.views.PLYTVLinkActivity" />
164-->[io.purchasely:core:3.7.0] AndroidManifest.xml:22:9-74
164-->[io.purchasely:core:3.7.0] AndroidManifest.xml:22:19-71
165        <activity
165-->[io.purchasely:core:3.7.0] AndroidManifest.xml:23:9-25:72
166            android:name="io.purchasely.views.PLYActivity"
166-->[io.purchasely:core:3.7.0] AndroidManifest.xml:24:13-59
167            android:theme="@style/Theme.AppCompat.Light.NoActionBar" />
167-->[io.purchasely:core:3.7.0] AndroidManifest.xml:25:13-69
168        <activity
168-->[io.purchasely:core:3.7.0] AndroidManifest.xml:26:9-28:66
169            android:name="io.purchasely.views.subscriptions.tv.PLYSubscriptionsActivity"
169-->[io.purchasely:core:3.7.0] AndroidManifest.xml:27:13-89
170            android:theme="@style/Theme.AppCompat.NoActionBar" />
170-->[io.purchasely:core:3.7.0] AndroidManifest.xml:28:13-63
171
172        <uses-library
172-->[io.purchasely:core:3.7.0] AndroidManifest.xml:30:9-32:40
173            android:name="android.test.base"
173-->[io.purchasely:core:3.7.0] AndroidManifest.xml:31:13-45
174            android:required="false" />
174-->[io.purchasely:core:3.7.0] AndroidManifest.xml:32:13-37
175        <uses-library
175-->[io.purchasely:core:3.7.0] AndroidManifest.xml:33:9-35:40
176            android:name="android.test.mock"
176-->[io.purchasely:core:3.7.0] AndroidManifest.xml:34:13-45
177            android:required="false" />
177-->[io.purchasely:core:3.7.0] AndroidManifest.xml:35:13-37
178
179        <activity
179-->[com.google.android.gms:play-services-auth:20.5.0] AndroidManifest.xml:23:9-27:75
180            android:name="com.google.android.gms.auth.api.signin.internal.SignInHubActivity"
180-->[com.google.android.gms:play-services-auth:20.5.0] AndroidManifest.xml:24:13-93
181            android:excludeFromRecents="true"
181-->[com.google.android.gms:play-services-auth:20.5.0] AndroidManifest.xml:25:13-46
182            android:exported="false"
182-->[com.google.android.gms:play-services-auth:20.5.0] AndroidManifest.xml:26:13-37
183            android:theme="@android:style/Theme.Translucent.NoTitleBar" />
183-->[com.google.android.gms:play-services-auth:20.5.0] AndroidManifest.xml:27:13-72
184        <!--
185            Service handling Google Sign-In user revocation. For apps that do not integrate with
186            Google Sign-In, this service will never be started.
187        -->
188        <service
188-->[com.google.android.gms:play-services-auth:20.5.0] AndroidManifest.xml:33:9-37:51
189            android:name="com.google.android.gms.auth.api.signin.RevocationBoundService"
189-->[com.google.android.gms:play-services-auth:20.5.0] AndroidManifest.xml:34:13-89
190            android:exported="true"
190-->[com.google.android.gms:play-services-auth:20.5.0] AndroidManifest.xml:35:13-36
191            android:permission="com.google.android.gms.auth.api.signin.permission.REVOCATION_NOTIFICATION"
191-->[com.google.android.gms:play-services-auth:20.5.0] AndroidManifest.xml:36:13-107
192            android:visibleToInstantApps="true" />
192-->[com.google.android.gms:play-services-auth:20.5.0] AndroidManifest.xml:37:13-48
193
194        <meta-data
194-->[com.github.bumptech.glide:okhttp3-integration:4.12.0] AndroidManifest.xml:11:9-13:43
195            android:name="com.bumptech.glide.integration.okhttp3.OkHttpGlideModule"
195-->[com.github.bumptech.glide:okhttp3-integration:4.12.0] AndroidManifest.xml:12:13-84
196            android:value="GlideModule" />
196-->[com.github.bumptech.glide:okhttp3-integration:4.12.0] AndroidManifest.xml:13:13-40
197
198        <receiver
198-->[com.google.firebase:firebase-messaging:23.1.2] AndroidManifest.xml:31:9-38:20
199            android:name="com.google.firebase.iid.FirebaseInstanceIdReceiver"
199-->[com.google.firebase:firebase-messaging:23.1.2] AndroidManifest.xml:32:13-78
200            android:exported="true"
200-->[com.google.firebase:firebase-messaging:23.1.2] AndroidManifest.xml:33:13-36
201            android:permission="com.google.android.c2dm.permission.SEND" >
201-->[com.google.firebase:firebase-messaging:23.1.2] AndroidManifest.xml:34:13-73
202            <intent-filter>
202-->[:react-native-firebase_messaging] AndroidManifest.xml:29:13-31:29
203                <action android:name="com.google.android.c2dm.intent.RECEIVE" />
203-->[:react-native-firebase_messaging] AndroidManifest.xml:30:17-81
203-->[:react-native-firebase_messaging] AndroidManifest.xml:30:25-78
204            </intent-filter>
205        </receiver>
206        <!--
207             FirebaseMessagingService performs security checks at runtime,
208             but set to not exported to explicitly avoid allowing another app to call it.
209        -->
210        <service
210-->[com.google.firebase:firebase-messaging:23.1.2] AndroidManifest.xml:44:9-51:19
211            android:name="com.google.firebase.messaging.FirebaseMessagingService"
211-->[com.google.firebase:firebase-messaging:23.1.2] AndroidManifest.xml:45:13-82
212            android:directBootAware="true"
212-->[com.google.firebase:firebase-messaging:23.1.2] AndroidManifest.xml:46:13-43
213            android:exported="false" >
213-->[com.google.firebase:firebase-messaging:23.1.2] AndroidManifest.xml:47:13-37
214            <intent-filter android:priority="-500" >
214-->[:react-native-firebase_messaging] AndroidManifest.xml:20:13-22:29
215                <action android:name="com.google.firebase.MESSAGING_EVENT" />
215-->[:react-native-firebase_messaging] AndroidManifest.xml:21:17-78
215-->[:react-native-firebase_messaging] AndroidManifest.xml:21:25-75
216            </intent-filter>
217        </service>
218
219        <activity
219-->[com.google.android.gms:play-services-base:18.0.1] AndroidManifest.xml:20:9-22:45
220            android:name="com.google.android.gms.common.api.GoogleApiActivity"
220-->[com.google.android.gms:play-services-base:18.0.1] AndroidManifest.xml:20:19-85
221            android:exported="false"
221-->[com.google.android.gms:play-services-base:18.0.1] AndroidManifest.xml:22:19-43
222            android:theme="@android:style/Theme.Translucent.NoTitleBar" />
222-->[com.google.android.gms:play-services-base:18.0.1] AndroidManifest.xml:21:19-78
223
224        <provider
224-->[com.google.firebase:firebase-common:20.3.2] AndroidManifest.xml:25:9-30:39
225            android:name="com.google.firebase.provider.FirebaseInitProvider"
225-->[com.google.firebase:firebase-common:20.3.2] AndroidManifest.xml:26:13-77
226            android:authorities="apps.mcsmart.firebaseinitprovider"
226-->[com.google.firebase:firebase-common:20.3.2] AndroidManifest.xml:27:13-72
227            android:directBootAware="true"
227-->[com.google.firebase:firebase-common:20.3.2] AndroidManifest.xml:28:13-43
228            android:exported="false"
228-->[com.google.firebase:firebase-common:20.3.2] AndroidManifest.xml:29:13-37
229            android:initOrder="100" />
229-->[com.google.firebase:firebase-common:20.3.2] AndroidManifest.xml:30:13-36
230
231        <meta-data
231-->[com.google.android.gms:play-services-basement:18.2.0] AndroidManifest.xml:21:9-23:69
232            android:name="com.google.android.gms.version"
232-->[com.google.android.gms:play-services-basement:18.2.0] AndroidManifest.xml:22:13-58
233            android:value="@integer/google_play_services_version" />
233-->[com.google.android.gms:play-services-basement:18.2.0] AndroidManifest.xml:23:13-66
234
235        <provider
235-->[androidx.work:work-runtime:2.8.0] AndroidManifest.xml:29:9-37:20
236            android:name="androidx.startup.InitializationProvider"
236-->[androidx.work:work-runtime:2.8.0] AndroidManifest.xml:30:13-67
237            android:authorities="apps.mcsmart.androidx-startup"
237-->[androidx.work:work-runtime:2.8.0] AndroidManifest.xml:31:13-68
238            android:exported="false" >
238-->[androidx.work:work-runtime:2.8.0] AndroidManifest.xml:32:13-37
239            <meta-data
239-->[androidx.work:work-runtime:2.8.0] AndroidManifest.xml:34:13-36:52
240                android:name="androidx.work.WorkManagerInitializer"
240-->[androidx.work:work-runtime:2.8.0] AndroidManifest.xml:35:17-68
241                android:value="androidx.startup" />
241-->[androidx.work:work-runtime:2.8.0] AndroidManifest.xml:36:17-49
242            <meta-data
242-->[androidx.emoji2:emoji2:1.0.0] AndroidManifest.xml:31:13-33:52
243                android:name="androidx.emoji2.text.EmojiCompatInitializer"
243-->[androidx.emoji2:emoji2:1.0.0] AndroidManifest.xml:32:17-75
244                android:value="androidx.startup" />
244-->[androidx.emoji2:emoji2:1.0.0] AndroidManifest.xml:33:17-49
245            <meta-data
245-->[androidx.lifecycle:lifecycle-process:2.4.0] AndroidManifest.xml:31:13-33:52
246                android:name="androidx.lifecycle.ProcessLifecycleInitializer"
246-->[androidx.lifecycle:lifecycle-process:2.4.0] AndroidManifest.xml:32:17-78
247                android:value="androidx.startup" />
247-->[androidx.lifecycle:lifecycle-process:2.4.0] AndroidManifest.xml:33:17-49
248        </provider>
249
250        <service
250-->[androidx.work:work-runtime:2.8.0] AndroidManifest.xml:39:9-45:35
251            android:name="androidx.work.impl.background.systemalarm.SystemAlarmService"
251-->[androidx.work:work-runtime:2.8.0] AndroidManifest.xml:40:13-88
252            android:directBootAware="false"
252-->[androidx.work:work-runtime:2.8.0] AndroidManifest.xml:41:13-44
253            android:enabled="@bool/enable_system_alarm_service_default"
253-->[androidx.work:work-runtime:2.8.0] AndroidManifest.xml:42:13-72
254            android:exported="false" />
254-->[androidx.work:work-runtime:2.8.0] AndroidManifest.xml:43:13-37
255        <service
255-->[androidx.work:work-runtime:2.8.0] AndroidManifest.xml:46:9-52:35
256            android:name="androidx.work.impl.background.systemjob.SystemJobService"
256-->[androidx.work:work-runtime:2.8.0] AndroidManifest.xml:47:13-84
257            android:directBootAware="false"
257-->[androidx.work:work-runtime:2.8.0] AndroidManifest.xml:48:13-44
258            android:enabled="@bool/enable_system_job_service_default"
258-->[androidx.work:work-runtime:2.8.0] AndroidManifest.xml:49:13-70
259            android:exported="true"
259-->[androidx.work:work-runtime:2.8.0] AndroidManifest.xml:50:13-36
260            android:permission="android.permission.BIND_JOB_SERVICE" />
260-->[androidx.work:work-runtime:2.8.0] AndroidManifest.xml:51:13-69
261        <service
261-->[androidx.work:work-runtime:2.8.0] AndroidManifest.xml:53:9-59:35
262            android:name="androidx.work.impl.foreground.SystemForegroundService"
262-->[androidx.work:work-runtime:2.8.0] AndroidManifest.xml:54:13-81
263            android:directBootAware="false"
263-->[androidx.work:work-runtime:2.8.0] AndroidManifest.xml:55:13-44
264            android:enabled="@bool/enable_system_foreground_service_default"
264-->[androidx.work:work-runtime:2.8.0] AndroidManifest.xml:56:13-77
265            android:exported="false" />
265-->[androidx.work:work-runtime:2.8.0] AndroidManifest.xml:57:13-37
266
267        <receiver
267-->[androidx.work:work-runtime:2.8.0] AndroidManifest.xml:61:9-66:35
268            android:name="androidx.work.impl.utils.ForceStopRunnable$BroadcastReceiver"
268-->[androidx.work:work-runtime:2.8.0] AndroidManifest.xml:62:13-88
269            android:directBootAware="false"
269-->[androidx.work:work-runtime:2.8.0] AndroidManifest.xml:63:13-44
270            android:enabled="true"
270-->[androidx.work:work-runtime:2.8.0] AndroidManifest.xml:64:13-35
271            android:exported="false" />
271-->[androidx.work:work-runtime:2.8.0] AndroidManifest.xml:65:13-37
272        <receiver
272-->[androidx.work:work-runtime:2.8.0] AndroidManifest.xml:67:9-77:20
273            android:name="androidx.work.impl.background.systemalarm.ConstraintProxy$BatteryChargingProxy"
273-->[androidx.work:work-runtime:2.8.0] AndroidManifest.xml:68:13-106
274            android:directBootAware="false"
274-->[androidx.work:work-runtime:2.8.0] AndroidManifest.xml:69:13-44
275            android:enabled="false"
275-->[androidx.work:work-runtime:2.8.0] AndroidManifest.xml:70:13-36
276            android:exported="false" >
276-->[androidx.work:work-runtime:2.8.0] AndroidManifest.xml:71:13-37
277            <intent-filter>
277-->[androidx.work:work-runtime:2.8.0] AndroidManifest.xml:73:13-76:29
278                <action android:name="android.intent.action.ACTION_POWER_CONNECTED" />
278-->[androidx.work:work-runtime:2.8.0] AndroidManifest.xml:74:17-87
278-->[androidx.work:work-runtime:2.8.0] AndroidManifest.xml:74:25-84